  Building Custom Rule C:/Users/josea/Downloads/Pruebas Trae/_deps/sfml-src/src/SFML/System/CMakeLists.txt
  Clock.cpp
  Err.cpp
  Lock.cpp
  Mutex.cpp
  Sleep.cpp
  String.cpp
  Thread.cpp
  ThreadLocal.cpp
  Time.cpp
  FileInputStream.cpp
  MemoryInputStream.cpp
  ClockImpl.cpp
  MutexImpl.cpp
  SleepImpl.cpp
  ThreadImpl.cpp
  ThreadLocalImpl.cpp
  Generando código...
     Creando biblioteca C:/Users/josea/Downloads/Pruebas Trae/lib/Debug/sfml-system-d.lib y objeto C:/Users/josea/Downloads/Pruebas Trae/lib/Debug/sfml-system-d.exp
  sfml-system.vcxproj -> C:\Users\josea\Downloads\Pruebas Trae\bin\Debug\sfml-system-d-2.dll
